<?xml version="1.0" encoding="UTF-8"?>
<!-- Generated by org.testng.reporters.JUnitReportReporter -->
<testsuite hostname="LTPBAN292363013" failures="0" tests="1" name="testCases.TC1_Registration" time="7.701" errors="0" timestamp="2025-03-03T19:30:02 IST" skipped="0">
  <testcase classname="testCases.TC1_Registration" name="Register" time="7.701"/>
  <system-out/>
</testsuite> <!-- testCases.TC1_Registration -->
