<?xml version="1.0" encoding="UTF-8"?>
<!-- Generated by org.testng.reporters.JUnitReportReporter -->
<testsuite hostname="LTPBAN292363013" failures="0" tests="2" name="testCases.TC4_OrderCamera" time="4.990" errors="0" timestamp="2025-03-12T17:43:46 IST" skipped="0">
  <testcase classname="testCases.TC4_OrderCamera" name="orderCamera" time="2.599"/>
  <system-out/>
  <testcase classname="testCases.TC4_OrderCamera" name="VerifyLogin" time="2.391"/>
  <system-out/>
</testsuite> <!-- testCases.TC4_OrderCamera -->
