<?xml version="1.0" encoding="UTF-8"?>
<!-- Generated by org.testng.reporters.JUnitReportReporter -->
<testsuite hostname="LTPBAN292363013" failures="0" tests="1" name="testCases.TC2_LoginTest" time="2.228" errors="0" timestamp="2025-03-07T18:51:49 IST" skipped="0">
  <testcase classname="testCases.TC2_LoginTest" name="VerifyLogin" time="2.228"/>
  <system-out/>
</testsuite> <!-- testCases.TC2_LoginTest -->
