<?xml version="1.0" encoding="UTF-8"?>
<!-- Generated by org.testng.reporters.JUnitReportReporter -->
<testsuite hostname="LTPBAN292363013" failures="0" tests="1" name="testCases.TC1_Registration" time="4.005" errors="0" timestamp="2025-03-07T18:51:49 IST" skipped="0">
  <testcase classname="testCases.TC1_Registration" name="Register" time="4.005"/>
  <system-out/>
</testsuite> <!-- testCases.TC1_Registration -->
