<?xml version="1.0" encoding="UTF-8"?>
<!-- Generated by org.testng.reporters.JUnitReportReporter -->
<testsuite hostname="LTPBAN292363013" failures="0" tests="1" name="testCases.TC1_Registration" time="3.467" errors="0" timestamp="2025-03-03T22:42:52 IST" skipped="0">
  <testcase classname="testCases.TC1_Registration" name="Register" time="3.467"/>
</testsuite> <!-- testCases.TC1_Registration -->
